CRITICAL - 2023-10-15 05:42:31 --> Invalid file: "Hello, world!.php"
in SYSTEMPATH\Exceptions\FrameworkException.php on line 39.
 1 SYSTEMPATH\View\View.php(214): CodeIgniter\Exceptions\FrameworkException::forInvalidFile('Hello, world!.php')
 2 SYSTEMPATH\Common.php(1188): CodeIgniter\View\View->render('Hello, world!', [], true)
 3 APPPATH\Controllers\Home.php(9): view('Hello, world!')
 4 SYSTEMPATH\CodeIgniter.php(919): App\Controllers\Home->index()
 5 SYSTEMPATH\CodeIgniter.php(494): CodeIgniter\CodeIgniter->runController(Object(App\Controllers\Home))
 6 SYSTEMPATH\CodeIgniter.php(353): CodeIgniter\CodeIgniter->handleRequest(null, Object(Config\Cache), false)
 7 FCPATH\index.php(79): CodeIgniter\CodeIgniter->run()
CRITICAL - 2023-10-15 05:42:51 --> Invalid file: "Hello, world!.php"
in SYSTEMPATH\Exceptions\FrameworkException.php on line 39.
 1 SYSTEMPATH\View\View.php(214): CodeIgniter\Exceptions\FrameworkException::forInvalidFile('Hello, world!.php')
 2 SYSTEMPATH\Common.php(1188): CodeIgniter\View\View->render('Hello, world!', [], true)
 3 APPPATH\Controllers\Home.php(9): view('Hello, world!')
 4 SYSTEMPATH\CodeIgniter.php(919): App\Controllers\Home->index()
 5 SYSTEMPATH\CodeIgniter.php(494): CodeIgniter\CodeIgniter->runController(Object(App\Controllers\Home))
 6 SYSTEMPATH\CodeIgniter.php(353): CodeIgniter\CodeIgniter->handleRequest(null, Object(Config\Cache), false)
 7 FCPATH\index.php(79): CodeIgniter\CodeIgniter->run()
CRITICAL - 2023-10-15 05:43:10 --> Invalid file: "Hello, world!.php"
in SYSTEMPATH\Exceptions\FrameworkException.php on line 39.
 1 SYSTEMPATH\View\View.php(214): CodeIgniter\Exceptions\FrameworkException::forInvalidFile('Hello, world!.php')
 2 SYSTEMPATH\Common.php(1188): CodeIgniter\View\View->render('Hello, world!', [], true)
 3 APPPATH\Controllers\Home.php(9): view('Hello, world!')
 4 SYSTEMPATH\CodeIgniter.php(919): App\Controllers\Home->index()
 5 SYSTEMPATH\CodeIgniter.php(494): CodeIgniter\CodeIgniter->runController(Object(App\Controllers\Home))
 6 SYSTEMPATH\CodeIgniter.php(353): CodeIgniter\CodeIgniter->handleRequest(null, Object(Config\Cache), false)
 7 FCPATH\index.php(79): CodeIgniter\CodeIgniter->run()
CRITICAL - 2023-10-15 05:43:13 --> Invalid file: "Hello, world!.php"
in SYSTEMPATH\Exceptions\FrameworkException.php on line 39.
 1 SYSTEMPATH\View\View.php(214): CodeIgniter\Exceptions\FrameworkException::forInvalidFile('Hello, world!.php')
 2 SYSTEMPATH\Common.php(1188): CodeIgniter\View\View->render('Hello, world!', [], true)
 3 APPPATH\Controllers\Home.php(9): view('Hello, world!')
 4 SYSTEMPATH\CodeIgniter.php(919): App\Controllers\Home->index()
 5 SYSTEMPATH\CodeIgniter.php(494): CodeIgniter\CodeIgniter->runController(Object(App\Controllers\Home))
 6 SYSTEMPATH\CodeIgniter.php(353): CodeIgniter\CodeIgniter->handleRequest(null, Object(Config\Cache), false)
 7 FCPATH\index.php(79): CodeIgniter\CodeIgniter->run()
CRITICAL - 2023-10-15 05:43:16 --> Invalid file: "Hello, world!.php"
in SYSTEMPATH\Exceptions\FrameworkException.php on line 39.
 1 SYSTEMPATH\View\View.php(214): CodeIgniter\Exceptions\FrameworkException::forInvalidFile('Hello, world!.php')
 2 SYSTEMPATH\Common.php(1188): CodeIgniter\View\View->render('Hello, world!', [], true)
 3 APPPATH\Controllers\Home.php(9): view('Hello, world!')
 4 SYSTEMPATH\CodeIgniter.php(919): App\Controllers\Home->index()
 5 SYSTEMPATH\CodeIgniter.php(494): CodeIgniter\CodeIgniter->runController(Object(App\Controllers\Home))
 6 SYSTEMPATH\CodeIgniter.php(353): CodeIgniter\CodeIgniter->handleRequest(null, Object(Config\Cache), false)
 7 FCPATH\index.php(79): CodeIgniter\CodeIgniter->run()
CRITICAL - 2023-10-15 05:52:37 --> Too few arguments to function view(), 0 passed in C:\xampp\htdocs\ciapp\app\Controllers\Home.php on line 9 and at least 1 expected
in SYSTEMPATH\Common.php on line 1176.
 1 APPPATH\Controllers\Home.php(9): view()
 2 SYSTEMPATH\CodeIgniter.php(919): App\Controllers\Home->index()
 3 SYSTEMPATH\CodeIgniter.php(494): CodeIgniter\CodeIgniter->runController(Object(App\Controllers\Home))
 4 SYSTEMPATH\CodeIgniter.php(353): CodeIgniter\CodeIgniter->handleRequest(null, Object(Config\Cache), false)
 5 FCPATH\index.php(79): CodeIgniter\CodeIgniter->run()
CRITICAL - 2023-10-15 06:12:26 --> syntax error, unexpected token "$", expecting "," or ";"
in APPPATH\Views\Articles\index.php on line 1.
 1 SYSTEMPATH\View\View.php(229): CodeIgniter\View\View->CodeIgniter\View\{closure}()
 2 SYSTEMPATH\Common.php(1188): CodeIgniter\View\View->render('Articles/index', [], true)
 3 APPPATH\Controllers\Articles.php(9): view('Articles/index')
 4 SYSTEMPATH\CodeIgniter.php(919): App\Controllers\Articles->index()
 5 SYSTEMPATH\CodeIgniter.php(494): CodeIgniter\CodeIgniter->runController(Object(App\Controllers\Articles))
 6 SYSTEMPATH\CodeIgniter.php(353): CodeIgniter\CodeIgniter->handleRequest(null, Object(Config\Cache), false)
 7 FCPATH\index.php(79): CodeIgniter\CodeIgniter->run()
CRITICAL - 2023-10-15 06:15:38 --> Invalid file: "header.php"
in SYSTEMPATH\Exceptions\FrameworkException.php on line 39.
 1 SYSTEMPATH\View\View.php(214): CodeIgniter\Exceptions\FrameworkException::forInvalidFile('header.php')
 2 SYSTEMPATH\View\View.php(467): CodeIgniter\View\View->render('header', null, true)
 3 APPPATH\Views\Articles\index.php(1): CodeIgniter\View\View->include('header')
 4 SYSTEMPATH\View\View.php(226): include('C:\\xampp\\htdocs\\ciapp\\app\\Views\\Articles\\index.php')
 5 SYSTEMPATH\View\View.php(229): CodeIgniter\View\View->CodeIgniter\View\{closure}()
 6 SYSTEMPATH\Common.php(1188): CodeIgniter\View\View->render('Articles/index', [], true)
 7 APPPATH\Controllers\Articles.php(9): view('Articles/index')
 8 SYSTEMPATH\CodeIgniter.php(919): App\Controllers\Articles->index()
 9 SYSTEMPATH\CodeIgniter.php(494): CodeIgniter\CodeIgniter->runController(Object(App\Controllers\Articles))
10 SYSTEMPATH\CodeIgniter.php(353): CodeIgniter\CodeIgniter->handleRequest(null, Object(Config\Cache), false)
11 FCPATH\index.php(79): CodeIgniter\CodeIgniter->run()
CRITICAL - 2023-10-15 06:38:45 --> Invalid file: "header.php"
in SYSTEMPATH\Exceptions\FrameworkException.php on line 39.
 1 SYSTEMPATH\View\View.php(214): CodeIgniter\Exceptions\FrameworkException::forInvalidFile('header.php')
 2 SYSTEMPATH\View\View.php(467): CodeIgniter\View\View->render('header', null, true)
 3 APPPATH\Views\Articles\index.php(1): CodeIgniter\View\View->include('header')
 4 SYSTEMPATH\View\View.php(226): include('C:\\xampp\\htdocs\\ciapp\\app\\Views\\Articles\\index.php')
 5 SYSTEMPATH\View\View.php(229): CodeIgniter\View\View->CodeIgniter\View\{closure}()
 6 SYSTEMPATH\Common.php(1188): CodeIgniter\View\View->render('Articles/index', [], true)
 7 APPPATH\Controllers\Articles.php(9): view('Articles/index')
 8 SYSTEMPATH\CodeIgniter.php(919): App\Controllers\Articles->index()
 9 SYSTEMPATH\CodeIgniter.php(494): CodeIgniter\CodeIgniter->runController(Object(App\Controllers\Articles))
10 SYSTEMPATH\CodeIgniter.php(353): CodeIgniter\CodeIgniter->handleRequest(null, Object(Config\Cache), false)
11 FCPATH\index.php(79): CodeIgniter\CodeIgniter->run()
CRITICAL - 2023-10-15 06:38:46 --> Invalid file: "header.php"
in SYSTEMPATH\Exceptions\FrameworkException.php on line 39.
 1 SYSTEMPATH\View\View.php(214): CodeIgniter\Exceptions\FrameworkException::forInvalidFile('header.php')
 2 SYSTEMPATH\View\View.php(467): CodeIgniter\View\View->render('header', null, true)
 3 APPPATH\Views\Articles\index.php(1): CodeIgniter\View\View->include('header')
 4 SYSTEMPATH\View\View.php(226): include('C:\\xampp\\htdocs\\ciapp\\app\\Views\\Articles\\index.php')
 5 SYSTEMPATH\View\View.php(229): CodeIgniter\View\View->CodeIgniter\View\{closure}()
 6 SYSTEMPATH\Common.php(1188): CodeIgniter\View\View->render('Articles/index', [], true)
 7 APPPATH\Controllers\Articles.php(9): view('Articles/index')
 8 SYSTEMPATH\CodeIgniter.php(919): App\Controllers\Articles->index()
 9 SYSTEMPATH\CodeIgniter.php(494): CodeIgniter\CodeIgniter->runController(Object(App\Controllers\Articles))
10 SYSTEMPATH\CodeIgniter.php(353): CodeIgniter\CodeIgniter->handleRequest(null, Object(Config\Cache), false)
11 FCPATH\index.php(79): CodeIgniter\CodeIgniter->run()
CRITICAL - 2023-10-15 06:43:17 --> Invalid file: "header.php"
in SYSTEMPATH\Exceptions\FrameworkException.php on line 39.
 1 SYSTEMPATH\View\View.php(214): CodeIgniter\Exceptions\FrameworkException::forInvalidFile('header.php')
 2 SYSTEMPATH\View\View.php(467): CodeIgniter\View\View->render('header', null, true)
 3 APPPATH\Views\Articles\index.php(1): CodeIgniter\View\View->include('header')
 4 SYSTEMPATH\View\View.php(226): include('C:\\xampp\\htdocs\\ciapp\\app\\Views\\Articles\\index.php')
 5 SYSTEMPATH\View\View.php(229): CodeIgniter\View\View->CodeIgniter\View\{closure}()
 6 SYSTEMPATH\Common.php(1188): CodeIgniter\View\View->render('Articles/index', [], true)
 7 APPPATH\Controllers\Articles.php(9): view('Articles/index')
 8 SYSTEMPATH\CodeIgniter.php(919): App\Controllers\Articles->index()
 9 SYSTEMPATH\CodeIgniter.php(494): CodeIgniter\CodeIgniter->runController(Object(App\Controllers\Articles))
10 SYSTEMPATH\CodeIgniter.php(353): CodeIgniter\CodeIgniter->handleRequest(null, Object(Config\Cache), false)
11 FCPATH\index.php(79): CodeIgniter\CodeIgniter->run()
CRITICAL - 2023-10-15 06:47:03 --> Invalid file: "header.php"
in SYSTEMPATH\Exceptions\FrameworkException.php on line 39.
 1 SYSTEMPATH\View\View.php(214): CodeIgniter\Exceptions\FrameworkException::forInvalidFile('header.php')
 2 SYSTEMPATH\View\View.php(467): CodeIgniter\View\View->render('header', null, true)
 3 APPPATH\Views\Articles\index.php(1): CodeIgniter\View\View->include('header')
 4 SYSTEMPATH\View\View.php(226): include('C:\\xampp\\htdocs\\ciapp\\app\\Views\\Articles\\index.php')
 5 SYSTEMPATH\View\View.php(229): CodeIgniter\View\View->CodeIgniter\View\{closure}()
 6 SYSTEMPATH\Common.php(1188): CodeIgniter\View\View->render('Articles/index', [], true)
 7 APPPATH\Controllers\Articles.php(9): view('Articles/index')
 8 SYSTEMPATH\CodeIgniter.php(919): App\Controllers\Articles->index()
 9 SYSTEMPATH\CodeIgniter.php(494): CodeIgniter\CodeIgniter->runController(Object(App\Controllers\Articles))
10 SYSTEMPATH\CodeIgniter.php(353): CodeIgniter\CodeIgniter->handleRequest(null, Object(Config\Cache), false)
11 FCPATH\index.php(79): CodeIgniter\CodeIgniter->run()
CRITICAL - 2023-10-15 06:47:05 --> Invalid file: "header.php"
in SYSTEMPATH\Exceptions\FrameworkException.php on line 39.
 1 SYSTEMPATH\View\View.php(214): CodeIgniter\Exceptions\FrameworkException::forInvalidFile('header.php')
 2 SYSTEMPATH\View\View.php(467): CodeIgniter\View\View->render('header', null, true)
 3 APPPATH\Views\Articles\index.php(1): CodeIgniter\View\View->include('header')
 4 SYSTEMPATH\View\View.php(226): include('C:\\xampp\\htdocs\\ciapp\\app\\Views\\Articles\\index.php')
 5 SYSTEMPATH\View\View.php(229): CodeIgniter\View\View->CodeIgniter\View\{closure}()
 6 SYSTEMPATH\Common.php(1188): CodeIgniter\View\View->render('Articles/index', [], true)
 7 APPPATH\Controllers\Articles.php(9): view('Articles/index')
 8 SYSTEMPATH\CodeIgniter.php(919): App\Controllers\Articles->index()
 9 SYSTEMPATH\CodeIgniter.php(494): CodeIgniter\CodeIgniter->runController(Object(App\Controllers\Articles))
10 SYSTEMPATH\CodeIgniter.php(353): CodeIgniter\CodeIgniter->handleRequest(null, Object(Config\Cache), false)
11 FCPATH\index.php(79): CodeIgniter\CodeIgniter->run()
CRITICAL - 2023-10-15 06:49:03 --> Invalid file: "header.php"
in SYSTEMPATH\Exceptions\FrameworkException.php on line 39.
 1 SYSTEMPATH\View\View.php(214): CodeIgniter\Exceptions\FrameworkException::forInvalidFile('header.php')
 2 SYSTEMPATH\View\View.php(467): CodeIgniter\View\View->render('header', null, true)
 3 APPPATH\Views\Articles\index.php(1): CodeIgniter\View\View->include('header')
 4 SYSTEMPATH\View\View.php(226): include('C:\\xampp\\htdocs\\ciapp\\app\\Views\\Articles\\index.php')
 5 SYSTEMPATH\View\View.php(229): CodeIgniter\View\View->CodeIgniter\View\{closure}()
 6 SYSTEMPATH\Common.php(1188): CodeIgniter\View\View->render('Articles/index', [], true)
 7 APPPATH\Controllers\Articles.php(9): view('Articles/index')
 8 SYSTEMPATH\CodeIgniter.php(919): App\Controllers\Articles->index()
 9 SYSTEMPATH\CodeIgniter.php(494): CodeIgniter\CodeIgniter->runController(Object(App\Controllers\Articles))
10 SYSTEMPATH\CodeIgniter.php(353): CodeIgniter\CodeIgniter->handleRequest(null, Object(Config\Cache), false)
11 FCPATH\index.php(79): CodeIgniter\CodeIgniter->run()
CRITICAL - 2023-10-15 06:49:05 --> Invalid file: "header.php"
in SYSTEMPATH\Exceptions\FrameworkException.php on line 39.
 1 SYSTEMPATH\View\View.php(214): CodeIgniter\Exceptions\FrameworkException::forInvalidFile('header.php')
 2 SYSTEMPATH\View\View.php(467): CodeIgniter\View\View->render('header', null, true)
 3 APPPATH\Views\Articles\index.php(1): CodeIgniter\View\View->include('header')
 4 SYSTEMPATH\View\View.php(226): include('C:\\xampp\\htdocs\\ciapp\\app\\Views\\Articles\\index.php')
 5 SYSTEMPATH\View\View.php(229): CodeIgniter\View\View->CodeIgniter\View\{closure}()
 6 SYSTEMPATH\Common.php(1188): CodeIgniter\View\View->render('Articles/index', [], true)
 7 APPPATH\Controllers\Articles.php(9): view('Articles/index')
 8 SYSTEMPATH\CodeIgniter.php(919): App\Controllers\Articles->index()
 9 SYSTEMPATH\CodeIgniter.php(494): CodeIgniter\CodeIgniter->runController(Object(App\Controllers\Articles))
10 SYSTEMPATH\CodeIgniter.php(353): CodeIgniter\CodeIgniter->handleRequest(null, Object(Config\Cache), false)
11 FCPATH\index.php(79): CodeIgniter\CodeIgniter->run()
CRITICAL - 2023-10-15 06:50:43 --> Invalid file: "header.php"
in SYSTEMPATH\Exceptions\FrameworkException.php on line 39.
 1 SYSTEMPATH\View\View.php(214): CodeIgniter\Exceptions\FrameworkException::forInvalidFile('header.php')
 2 SYSTEMPATH\Common.php(1188): CodeIgniter\View\View->render('header', [], true)
 3 APPPATH\Controllers\Home.php(9): view('header', [...])
 4 SYSTEMPATH\CodeIgniter.php(919): App\Controllers\Home->index()
 5 SYSTEMPATH\CodeIgniter.php(494): CodeIgniter\CodeIgniter->runController(Object(App\Controllers\Home))
 6 SYSTEMPATH\CodeIgniter.php(353): CodeIgniter\CodeIgniter->handleRequest(null, Object(Config\Cache), false)
 7 FCPATH\index.php(79): CodeIgniter\CodeIgniter->run()
CRITICAL - 2023-10-15 06:50:43 --> Invalid file: "header.php"
in SYSTEMPATH\Exceptions\FrameworkException.php on line 39.
 1 SYSTEMPATH\View\View.php(214): CodeIgniter\Exceptions\FrameworkException::forInvalidFile('header.php')
 2 SYSTEMPATH\Common.php(1188): CodeIgniter\View\View->render('header', [], true)
 3 APPPATH\Controllers\Home.php(9): view('header', [...])
 4 SYSTEMPATH\CodeIgniter.php(919): App\Controllers\Home->index()
 5 SYSTEMPATH\CodeIgniter.php(494): CodeIgniter\CodeIgniter->runController(Object(App\Controllers\Home))
 6 SYSTEMPATH\CodeIgniter.php(353): CodeIgniter\CodeIgniter->handleRequest(null, Object(Config\Cache), false)
 7 FCPATH\index.php(79): CodeIgniter\CodeIgniter->run()
CRITICAL - 2023-10-15 06:52:22 --> Invalid file: "header.php"
in SYSTEMPATH\Exceptions\FrameworkException.php on line 39.
 1 SYSTEMPATH\View\View.php(214): CodeIgniter\Exceptions\FrameworkException::forInvalidFile('header.php')
 2 SYSTEMPATH\View\View.php(467): CodeIgniter\View\View->render('header', null, true)
 3 APPPATH\Views\Articles\index.php(1): CodeIgniter\View\View->include('header')
 4 SYSTEMPATH\View\View.php(226): include('C:\\xampp\\htdocs\\ciapp\\app\\Views\\Articles\\index.php')
 5 SYSTEMPATH\View\View.php(229): CodeIgniter\View\View->CodeIgniter\View\{closure}()
 6 SYSTEMPATH\Common.php(1188): CodeIgniter\View\View->render('Articles/index', [], true)
 7 APPPATH\Controllers\Articles.php(9): view('Articles/index', [...])
 8 SYSTEMPATH\CodeIgniter.php(919): App\Controllers\Articles->index()
 9 SYSTEMPATH\CodeIgniter.php(494): CodeIgniter\CodeIgniter->runController(Object(App\Controllers\Articles))
10 SYSTEMPATH\CodeIgniter.php(353): CodeIgniter\CodeIgniter->handleRequest(null, Object(Config\Cache), false)
11 FCPATH\index.php(79): CodeIgniter\CodeIgniter->run()
CRITICAL - 2023-10-15 06:52:30 --> Invalid file: "header.php"
in SYSTEMPATH\Exceptions\FrameworkException.php on line 39.
 1 SYSTEMPATH\View\View.php(214): CodeIgniter\Exceptions\FrameworkException::forInvalidFile('header.php')
 2 SYSTEMPATH\View\View.php(467): CodeIgniter\View\View->render('header', null, true)
 3 APPPATH\Views\Articles\index.php(1): CodeIgniter\View\View->include('header')
 4 SYSTEMPATH\View\View.php(226): include('C:\\xampp\\htdocs\\ciapp\\app\\Views\\Articles\\index.php')
 5 SYSTEMPATH\View\View.php(229): CodeIgniter\View\View->CodeIgniter\View\{closure}()
 6 SYSTEMPATH\Common.php(1188): CodeIgniter\View\View->render('Articles/index', [], true)
 7 APPPATH\Controllers\Articles.php(9): view('Articles/index', [...])
 8 SYSTEMPATH\CodeIgniter.php(919): App\Controllers\Articles->index()
 9 SYSTEMPATH\CodeIgniter.php(494): CodeIgniter\CodeIgniter->runController(Object(App\Controllers\Articles))
10 SYSTEMPATH\CodeIgniter.php(353): CodeIgniter\CodeIgniter->handleRequest(null, Object(Config\Cache), false)
11 FCPATH\index.php(79): CodeIgniter\CodeIgniter->run()
